<?xml version="1.0" encoding="UTF-8"?>
<!-- Generated by org.testng.reporters.JUnitXMLReporter -->
<testsuite ignored="0" hostname="Dell-PC" failures="0" tests="5" name="Test" time="52.294" errors="0" timestamp="2022-02-11T16:31:31 IST">
  <testcase classname="tests.TestClassA" name="testA" time="0.019"/>
  <testcase classname="tests.TestClassA" name="testB" time="0.004"/>
  <testcase classname="tests.TestClassA" name="testC" time="0.004"/>
  <testcase classname="tests.VerifyHeadersOFApplication" name="toVerifyTaskButton" time="10.811"/>
  <testcase classname="tests.VerifyHeadersOFApplication" name="toVerifyUserTab" time="6.13"/>
</testsuite> <!-- Test -->
